<?xml version="1.0" encoding="UTF-8"?>
<!-- Generated by org.testng.reporters.JUnitReportReporter -->
<testsuite hostname="VIJI-PC" name="testNg.ReporterLog" tests="1" failures="0" timestamp="24 Jun 2016 05:32:42 GMT" time="11.723" errors="0">
  <testcase name="test" time="11.723" classname="testNg.ReporterLog"/>
</testsuite> <!-- testNg.ReporterLog -->
