<?xml version="1.0" encoding="UTF-8"?>
<!-- Generated by org.testng.reporters.JUnitReportReporter -->
<testsuite hostname="VIJI-PC" name="seleniumGrid.DriverFactory" tests="1" failures="0" timestamp="7 Jul 2016 05:13:12 GMT" time="17.925" errors="0">
  <testcase name="testDriver" time="17.925" classname="seleniumGrid.DriverFactory"/>
</testsuite> <!-- seleniumGrid.DriverFactory -->
