<?xml version="1.0" encoding="UTF-8"?>
<!-- Generated by org.testng.reporters.JUnitReportReporter -->
<testsuite hostname="VIJI-PC" name="seleniumGrid.Guru99" tests="2" failures="0" timestamp="5 Jul 2016 12:19:31 GMT" time="13.624" errors="0">
  <testcase name="testParameterWithXML" time="11.801" classname="seleniumGrid.Guru99"/>
  <testcase name="testParameterWithXML" time="1.823" classname="seleniumGrid.Guru99"/>
</testsuite> <!-- seleniumGrid.Guru99 -->
