<?xml version="1.0" encoding="UTF-8"?>
<!-- Generated by org.testng.reporters.JUnitReportReporter -->
<testsuite hostname="VIJI-PC" name="automationFramework.TooltipExample" tests="2" failures="0" timestamp="5 Jul 2016 05:28:55 GMT" time="21.884" errors="0">
  <testcase name="toolTipCase1" time="8.784" classname="automationFramework.TooltipExample"/>
  <testcase name="toolTipCase2" time="13.100" classname="automationFramework.TooltipExample"/>
</testsuite> <!-- automationFramework.TooltipExample -->
