<?xml version="1.0" encoding="UTF-8"?>
<!-- Generated by org.testng.reporters.JUnitReportReporter -->
<testsuite hostname="VIJI-PC" name="testNg.Sequencing" tests="3" failures="0" timestamp="22 Jun 2016 07:29:15 GMT" time="0.004" errors="0">
  <testcase name="testCase2" time="0.000" classname="testNg.Sequencing"/>
  <testcase name="testCase1" time="0.004" classname="testNg.Sequencing"/>
  <testcase name="testCase3" time="0.000" classname="testNg.Sequencing"/>
</testsuite> <!-- testNg.Sequencing -->
