<?xml version="1.0" encoding="UTF-8"?>
<!-- Generated by org.testng.reporters.JUnitReportReporter -->
<testsuite hostname="VIJI-PC" name="testNg.DependentTest" tests="3" failures="0" timestamp="22 Jun 2016 09:58:54 GMT" time="0.010" errors="0">
  <testcase name="SignIn" time="0.001" classname="testNg.DependentTest"/>
  <testcase name="LogOut" time="0.001" classname="testNg.DependentTest"/>
  <testcase name="OpenBrowser" time="0.008" classname="testNg.DependentTest"/>
</testsuite> <!-- testNg.DependentTest -->
