<?xml version="1.0" encoding="UTF-8"?>
<!-- Generated by org.testng.reporters.JUnitReportReporter -->
<testsuite hostname="VIJI-PC" name="testNg.MultiInputExcel" tests="1" failures="0" timestamp="24 Jun 2016 13:58:24 GMT" time="20.920" errors="0">
  <testcase name="main" time="20.920" classname="testNg.MultiInputExcel"/>
</testsuite> <!-- testNg.MultiInputExcel -->
