<?xml version="1.0" encoding="UTF-8"?>
<!-- Generated by org.testng.reporters.JUnitReportReporter -->
<testsuite hostname="VIJI-PC" name="automationFramework.FileDownloadExample" tests="1" failures="0" timestamp="4 Jul 2016 13:41:54 GMT" time="3.907" errors="0">
  <testcase name="validateInvalidImages" time="3.907" classname="automationFramework.FileDownloadExample"/>
</testsuite> <!-- automationFramework.FileDownloadExample -->
