<?xml version="1.0" encoding="UTF-8"?>
<!-- Generated by org.testng.reporters.JUnitReportReporter -->
<testsuite hostname="VIJI-PC" name="seleniumGrid.SeGridTest" tests="4" failures="0" timestamp="6 Jul 2016 10:08:12 GMT" time="32.383" errors="0">
  <testcase name="testCalc" time="1.593" classname="seleniumGrid.SeGridTest"/>
  <testcase name="waitForButtonEnabled" time="14.641" classname="seleniumGrid.SeGridTest"/>
  <testcase name="waitForButtonEnabled" time="14.787" classname="seleniumGrid.SeGridTest"/>
  <testcase name="testCalc" time="1.362" classname="seleniumGrid.SeGridTest"/>
</testsuite> <!-- seleniumGrid.SeGridTest -->
