<?xml version="1.0" encoding="UTF-8"?>
<!-- Generated by org.testng.reporters.JUnitReportReporter -->
<testsuite hostname="VIJI-PC" name="application.EventListenerExample" tests="2" failures="0" timestamp="5 Jul 2016 07:28:37 GMT" time="3.592" errors="0">
  <testcase name="testEventsONE" time="1.620" classname="application.EventListenerExample"/>
  <testcase name="testEventsTWO" time="1.972" classname="application.EventListenerExample"/>
</testsuite> <!-- application.EventListenerExample -->
