<?xml version="1.0" encoding="UTF-8"?>
<!-- Generated by org.testng.reporters.JUnitReportReporter -->
<testsuite hostname="VIJI-PC" name="testNg.MultiBrowsing" tests="2" failures="0" timestamp="24 Jun 2016 09:11:00 GMT" time="6.206" errors="0">
  <testcase name="Login" time="3.117" classname="testNg.MultiBrowsing"/>
  <testcase name="Login" time="3.089" classname="testNg.MultiBrowsing"/>
</testsuite> <!-- testNg.MultiBrowsing -->
