<?xml version="1.0" encoding="UTF-8"?>
<!-- Generated by org.testng.reporters.JUnitReportReporter -->
<testsuite hostname="VIJI-PC" name="seleniumGrid.GridExampleTest" tests="2" failures="0" timestamp="6 Jul 2016 07:51:17 GMT" time="42.902" errors="0">
  <testcase name="mailTest" time="21.171" classname="seleniumGrid.GridExampleTest"/>
  <testcase name="mailTest" time="21.731" classname="seleniumGrid.GridExampleTest"/>
</testsuite> <!-- seleniumGrid.GridExampleTest -->
