<?xml version="1.0" encoding="UTF-8"?>
<!-- Generated by org.testng.reporters.JUnitReportReporter -->
<testsuite hostname="VIJI-PC" name="seleniumGrid.FillingForm" tests="3" failures="0" timestamp="6 Jul 2016 12:15:45 GMT" time="19.099" errors="0">
  <testcase name="gmailLogin" time="0.740" classname="seleniumGrid.FillingForm"/>
  <testcase name="gmailLogin" time="5.104" classname="seleniumGrid.FillingForm"/>
  <testcase name="gmailLogin" time="13.255" classname="seleniumGrid.FillingForm"/>
</testsuite> <!-- seleniumGrid.FillingForm -->
