<?xml version="1.0" encoding="UTF-8"?>
<!-- Generated by org.testng.reporters.JUnitReportReporter -->
<testsuite hostname="VIJI-PC" name="testNg.Parameter" tests="1" failures="0" timestamp="22 Jun 2016 13:48:40 GMT" time="130.803" errors="0">
  <testcase name="SignIn" time="130.803" classname="testNg.Parameter"/>
</testsuite> <!-- testNg.Parameter -->
