<?xml version="1.0" encoding="UTF-8"?>
<!-- Generated by org.testng.reporters.JUnitReportReporter -->
<testsuite hostname="VIJI-PC" name="testNg.TestAnnotations" tests="1" failures="0" timestamp="22 Jun 2016 07:12:05 GMT" time="0.001" errors="0">
  <testcase name="f" time="0.001" classname="testNg.TestAnnotations"/>
</testsuite> <!-- testNg.TestAnnotations -->
