<?xml version="1.0" encoding="UTF-8"?>
<!-- Generated by org.testng.reporters.JUnitReportReporter -->
<testsuite hostname="VIJI-PC" name="seleniumGrid.TestParallel" tests="2" failures="0" timestamp="6 Jul 2016 09:50:08 GMT" time="0.007" errors="0">
  <testcase name="test_01" time="0.005" classname="seleniumGrid.TestParallel"/>
  <testcase name="test_01" time="0.002" classname="seleniumGrid.TestParallel"/>
</testsuite> <!-- seleniumGrid.TestParallel -->
