<?xml version="1.0" encoding="UTF-8"?>
<!-- Generated by org.testng.reporters.JUnitReportReporter -->
<testsuite hostname="VIJI-PC" name="application.SSLExmaple_chrome" tests="1" failures="0" timestamp="5 Jul 2016 06:21:54 GMT" time="2.879" errors="0">
  <testcase name="openApplication" time="2.879" classname="application.SSLExmaple_chrome"/>
</testsuite> <!-- application.SSLExmaple_chrome -->
