<?xml version="1.0" encoding="UTF-8"?>
<!-- Generated by org.testng.reporters.JUnitReportReporter -->
<testsuite hostname="VIJI-PC" name="testNg.NewTest" tests="1" failures="0" timestamp="22 Jun 2016 09:14:21 GMT" time="8.969" errors="0">
  <testcase name="main" time="8.969" classname="testNg.NewTest"/>
</testsuite> <!-- testNg.NewTest -->
