<?xml version="1.0" encoding="UTF-8"?>
<!-- Generated by org.testng.reporters.JUnitReportReporter -->
<testsuite hostname="VIJI-PC" name="testNg.Grouping" tests="5" failures="0" timestamp="22 Jun 2016 09:27:50 GMT" time="0.011" errors="0">
  <testcase name="plane3" time="0.001" classname="testNg.Grouping"/>
  <testcase name="plane1" time="0.000" classname="testNg.Grouping"/>
  <testcase name="car2" time="0.001" classname="testNg.Grouping"/>
  <testcase name="car1" time="0.008" classname="testNg.Grouping"/>
  <testcase name="plane2" time="0.001" classname="testNg.Grouping"/>
</testsuite> <!-- testNg.Grouping -->
