<?xml version="1.0" encoding="UTF-8"?>
<!-- Generated by org.testng.reporters.JUnitReportReporter -->
<testsuite hostname="VIJI-PC" name="testNg.MultipleWindows" tests="1" failures="0" timestamp="24 Jun 2016 07:31:42 GMT" time="8.915" errors="0">
  <testcase name="TestPopUp" time="8.915" classname="testNg.MultipleWindows"/>
</testsuite> <!-- testNg.MultipleWindows -->
