<?xml version="1.0" encoding="UTF-8"?>
<!-- Generated by org.testng.reporters.JUnitReportReporter -->
<testsuite hostname="VIJI-PC" name="testNg.MultipleTest" tests="3" failures="0" timestamp="22 Jun 2016 10:33:23 GMT" time="0.009" errors="0">
  <testcase name="Four" time="0.008" classname="testNg.MultipleTest"/>
  <testcase name="Second" time="0.001" classname="testNg.MultipleTest"/>
  <testcase name="Third" time="0.000" classname="testNg.MultipleTest"/>
</testsuite> <!-- testNg.MultipleTest -->
